  [1m[36m (62.5ms)[0m  [1mCREATE TABLE "schema_migrations" ("version" character varying(255) NOT NULL) [0m
  [1m[35m (47.0ms)[0m  CREATE UNIQUE INDEX  "unique_schema_migrations" ON "schema_migrations"  ("version")
  [1m[36mActiveRecord::SchemaMigration Load (0.0ms)[0m  [1mSELECT "schema_migrations".* FROM "schema_migrations"[0m
Migrating to DeviseCreateUsers (20150211092948)
  [1m[35m (0.0ms)[0m  BEGIN
  [1m[36m (125.2ms)[0m  [1mCREATE TABLE "users" ("id" serial primary key, "email" character varying(255) DEFAULT '' NOT NULL, "encrypted_password" character varying(255) DEFAULT '' NOT NULL, "reset_password_token" character varying(255), "reset_password_sent_at" timestamp, "remember_created_at" timestamp, "sign_in_count" integer DEFAULT 0 NOT NULL, "current_sign_in_at" timestamp, "last_sign_in_at" timestamp, "current_sign_in_ip" inet, "last_sign_in_ip" inet, "created_at" timestamp, "updated_at" timestamp) [0m
  [1m[35m (31.3ms)[0m  CREATE UNIQUE INDEX  "index_users_on_email" ON "users"  ("email")
  [1m[36m (31.5ms)[0m  [1mCREATE UNIQUE INDEX  "index_users_on_reset_password_token" ON "users"  ("reset_password_token")[0m
  [1m[35mSQL (0.0ms)[0m  INSERT INTO "schema_migrations" ("version") VALUES ($1)  [["version", "20150211092948"]]
  [1m[36m (0.0ms)[0m  [1mCOMMIT[0m
  [1m[35mActiveRecord::SchemaMigration Load (0.0ms)[0m  SELECT "schema_migrations".* FROM "schema_migrations"


Started GET "/" for 127.0.0.1 at 2015-02-11 10:37:51 +0100

NoMethodError (undefined method `devise_for' for #<ActionDispatch::Routing::Mapper:0x61c2c48>):
  config/routes.rb:2:in `block in <top (required)>'
  config/routes.rb:1:in `<top (required)>'


  Rendered C:/RailsInstaller/Ruby2.1.0/lib/ruby/gems/2.1.0/gems/actionpack-4.1.8/lib/action_dispatch/middleware/templates/rescues/_source.erb (0.0ms)
  Rendered C:/RailsInstaller/Ruby2.1.0/lib/ruby/gems/2.1.0/gems/actionpack-4.1.8/lib/action_dispatch/middleware/templates/rescues/_trace.html.erb (0.0ms)
  Rendered C:/RailsInstaller/Ruby2.1.0/lib/ruby/gems/2.1.0/gems/actionpack-4.1.8/lib/action_dispatch/middleware/templates/rescues/_request_and_response.html.erb (0.0ms)
  Rendered C:/RailsInstaller/Ruby2.1.0/lib/ruby/gems/2.1.0/gems/actionpack-4.1.8/lib/action_dispatch/middleware/templates/rescues/diagnostics.erb within rescues/layout (46.9ms)


Started GET "/" for 127.0.0.1 at 2015-02-11 10:37:52 +0100

Gem::LoadError (Specified 'postgresql' for database adapter, but the gem is not loaded. Add `gem 'pg'` to your Gemfile (and ensure its version is at the minimum required by ActiveRecord).):
  activerecord (4.1.8) lib/active_record/connection_adapters/connection_specification.rb:190:in `rescue in spec'
  activerecord (4.1.8) lib/active_record/connection_adapters/connection_specification.rb:187:in `spec'
  activerecord (4.1.8) lib/active_record/connection_handling.rb:50:in `establish_connection'
  activerecord (4.1.8) lib/active_record/railtie.rb:129:in `block (2 levels) in <class:Railtie>'
  activesupport (4.1.8) lib/active_support/lazy_load_hooks.rb:38:in `instance_eval'
  activesupport (4.1.8) lib/active_support/lazy_load_hooks.rb:38:in `execute_hook'
  activesupport (4.1.8) lib/active_support/lazy_load_hooks.rb:45:in `block in run_load_hooks'
  activesupport (4.1.8) lib/active_support/lazy_load_hooks.rb:44:in `each'
  activesupport (4.1.8) lib/active_support/lazy_load_hooks.rb:44:in `run_load_hooks'
  activerecord (4.1.8) lib/active_record/base.rb:326:in `<module:ActiveRecord>'
  activerecord (4.1.8) lib/active_record/base.rb:23:in `<top (required)>'
  activerecord (4.1.8) lib/active_record/migration.rb:388:in `check_pending!'
  activerecord (4.1.8) lib/active_record/migration.rb:377:in `call'
  actionpack (4.1.8) lib/action_dispatch/middleware/callbacks.rb:29:in `block in call'
  activesupport (4.1.8) lib/active_support/callbacks.rb:82:in `run_callbacks'
  actionpack (4.1.8) lib/action_dispatch/middleware/callbacks.rb:27:in `call'
  actionpack (4.1.8) lib/action_dispatch/middleware/reloader.rb:73:in `call'
  actionpack (4.1.8) lib/action_dispatch/middleware/remote_ip.rb:76:in `call'
  actionpack (4.1.8) lib/action_dispatch/middleware/debug_exceptions.rb:17:in `call'
  actionpack (4.1.8) lib/action_dispatch/middleware/show_exceptions.rb:30:in `call'
  railties (4.1.8) lib/rails/rack/logger.rb:38:in `call_app'
  railties (4.1.8) lib/rails/rack/logger.rb:20:in `block in call'
  activesupport (4.1.8) lib/active_support/tagged_logging.rb:68:in `block in tagged'
  activesupport (4.1.8) lib/active_support/tagged_logging.rb:26:in `tagged'
  activesupport (4.1.8) lib/active_support/tagged_logging.rb:68:in `tagged'
  railties (4.1.8) lib/rails/rack/logger.rb:20:in `call'
  actionpack (4.1.8) lib/action_dispatch/middleware/request_id.rb:21:in `call'
  rack (1.5.2) lib/rack/methodoverride.rb:21:in `call'
  rack (1.5.2) lib/rack/runtime.rb:17:in `call'
  activesupport (4.1.8) lib/active_support/cache/strategy/local_cache_middleware.rb:26:in `call'
  rack (1.5.2) lib/rack/lock.rb:17:in `call'
  actionpack (4.1.8) lib/action_dispatch/middleware/static.rb:84:in `call'
  rack (1.5.2) lib/rack/sendfile.rb:112:in `call'
  railties (4.1.8) lib/rails/engine.rb:514:in `call'
  railties (4.1.8) lib/rails/application.rb:144:in `call'
  rack (1.5.2) lib/rack/lock.rb:17:in `call'
  rack (1.5.2) lib/rack/content_length.rb:14:in `call'
  rack (1.5.2) lib/rack/handler/webrick.rb:60:in `service'
  C:/RailsInstaller/Ruby2.1.0/lib/ruby/2.1.0/webrick/httpserver.rb:138:in `service'
  C:/RailsInstaller/Ruby2.1.0/lib/ruby/2.1.0/webrick/httpserver.rb:94:in `run'
  C:/RailsInstaller/Ruby2.1.0/lib/ruby/2.1.0/webrick/server.rb:295:in `block in start_thread'


  Rendered C:/RailsInstaller/Ruby2.1.0/lib/ruby/gems/2.1.0/gems/actionpack-4.1.8/lib/action_dispatch/middleware/templates/rescues/_source.erb (0.0ms)
  Rendered C:/RailsInstaller/Ruby2.1.0/lib/ruby/gems/2.1.0/gems/actionpack-4.1.8/lib/action_dispatch/middleware/templates/rescues/_trace.html.erb (0.0ms)
  Rendered C:/RailsInstaller/Ruby2.1.0/lib/ruby/gems/2.1.0/gems/actionpack-4.1.8/lib/action_dispatch/middleware/templates/rescues/_request_and_response.html.erb (15.6ms)
  Rendered C:/RailsInstaller/Ruby2.1.0/lib/ruby/gems/2.1.0/gems/actionpack-4.1.8/lib/action_dispatch/middleware/templates/rescues/diagnostics.erb within rescues/layout (46.9ms)


Started GET "/" for 127.0.0.1 at 2015-02-11 10:38:48 +0100

Gem::LoadError (Specified 'postgresql' for database adapter, but the gem is not loaded. Add `gem 'pg'` to your Gemfile (and ensure its version is at the minimum required by ActiveRecord).):
  activerecord (4.1.8) lib/active_record/connection_adapters/connection_specification.rb:190:in `rescue in spec'
  activerecord (4.1.8) lib/active_record/connection_adapters/connection_specification.rb:187:in `spec'
  activerecord (4.1.8) lib/active_record/connection_handling.rb:50:in `establish_connection'
  activerecord (4.1.8) lib/active_record/railtie.rb:129:in `block (2 levels) in <class:Railtie>'
  activesupport (4.1.8) lib/active_support/lazy_load_hooks.rb:38:in `instance_eval'
  activesupport (4.1.8) lib/active_support/lazy_load_hooks.rb:38:in `execute_hook'
  activesupport (4.1.8) lib/active_support/lazy_load_hooks.rb:45:in `block in run_load_hooks'
  activesupport (4.1.8) lib/active_support/lazy_load_hooks.rb:44:in `each'
  activesupport (4.1.8) lib/active_support/lazy_load_hooks.rb:44:in `run_load_hooks'
  activerecord (4.1.8) lib/active_record/base.rb:326:in `<module:ActiveRecord>'
  activerecord (4.1.8) lib/active_record/base.rb:23:in `<top (required)>'
  activerecord (4.1.8) lib/active_record/migration.rb:388:in `check_pending!'
  activerecord (4.1.8) lib/active_record/migration.rb:377:in `call'
  actionpack (4.1.8) lib/action_dispatch/middleware/callbacks.rb:29:in `block in call'
  activesupport (4.1.8) lib/active_support/callbacks.rb:82:in `run_callbacks'
  actionpack (4.1.8) lib/action_dispatch/middleware/callbacks.rb:27:in `call'
  actionpack (4.1.8) lib/action_dispatch/middleware/reloader.rb:73:in `call'
  actionpack (4.1.8) lib/action_dispatch/middleware/remote_ip.rb:76:in `call'
  actionpack (4.1.8) lib/action_dispatch/middleware/debug_exceptions.rb:17:in `call'
  actionpack (4.1.8) lib/action_dispatch/middleware/show_exceptions.rb:30:in `call'
  railties (4.1.8) lib/rails/rack/logger.rb:38:in `call_app'
  railties (4.1.8) lib/rails/rack/logger.rb:20:in `block in call'
  activesupport (4.1.8) lib/active_support/tagged_logging.rb:68:in `block in tagged'
  activesupport (4.1.8) lib/active_support/tagged_logging.rb:26:in `tagged'
  activesupport (4.1.8) lib/active_support/tagged_logging.rb:68:in `tagged'
  railties (4.1.8) lib/rails/rack/logger.rb:20:in `call'
  actionpack (4.1.8) lib/action_dispatch/middleware/request_id.rb:21:in `call'
  rack (1.5.2) lib/rack/methodoverride.rb:21:in `call'
  rack (1.5.2) lib/rack/runtime.rb:17:in `call'
  activesupport (4.1.8) lib/active_support/cache/strategy/local_cache_middleware.rb:26:in `call'
  rack (1.5.2) lib/rack/lock.rb:17:in `call'
  actionpack (4.1.8) lib/action_dispatch/middleware/static.rb:84:in `call'
  rack (1.5.2) lib/rack/sendfile.rb:112:in `call'
  railties (4.1.8) lib/rails/engine.rb:514:in `call'
  railties (4.1.8) lib/rails/application.rb:144:in `call'
  rack (1.5.2) lib/rack/lock.rb:17:in `call'
  rack (1.5.2) lib/rack/content_length.rb:14:in `call'
  rack (1.5.2) lib/rack/handler/webrick.rb:60:in `service'
  C:/RailsInstaller/Ruby2.1.0/lib/ruby/2.1.0/webrick/httpserver.rb:138:in `service'
  C:/RailsInstaller/Ruby2.1.0/lib/ruby/2.1.0/webrick/httpserver.rb:94:in `run'
  C:/RailsInstaller/Ruby2.1.0/lib/ruby/2.1.0/webrick/server.rb:295:in `block in start_thread'


  Rendered C:/RailsInstaller/Ruby2.1.0/lib/ruby/gems/2.1.0/gems/actionpack-4.1.8/lib/action_dispatch/middleware/templates/rescues/_source.erb (0.0ms)
  Rendered C:/RailsInstaller/Ruby2.1.0/lib/ruby/gems/2.1.0/gems/actionpack-4.1.8/lib/action_dispatch/middleware/templates/rescues/_trace.html.erb (0.0ms)
  Rendered C:/RailsInstaller/Ruby2.1.0/lib/ruby/gems/2.1.0/gems/actionpack-4.1.8/lib/action_dispatch/middleware/templates/rescues/_request_and_response.html.erb (0.0ms)
  Rendered C:/RailsInstaller/Ruby2.1.0/lib/ruby/gems/2.1.0/gems/actionpack-4.1.8/lib/action_dispatch/middleware/templates/rescues/diagnostics.erb within rescues/layout (46.9ms)


Started GET "/" for 127.0.0.1 at 2015-02-11 10:38:49 +0100

Gem::LoadError (Specified 'postgresql' for database adapter, but the gem is not loaded. Add `gem 'pg'` to your Gemfile (and ensure its version is at the minimum required by ActiveRecord).):
  activerecord (4.1.8) lib/active_record/connection_adapters/connection_specification.rb:190:in `rescue in spec'
  activerecord (4.1.8) lib/active_record/connection_adapters/connection_specification.rb:187:in `spec'
  activerecord (4.1.8) lib/active_record/connection_handling.rb:50:in `establish_connection'
  activerecord (4.1.8) lib/active_record/railtie.rb:129:in `block (2 levels) in <class:Railtie>'
  activesupport (4.1.8) lib/active_support/lazy_load_hooks.rb:38:in `instance_eval'
  activesupport (4.1.8) lib/active_support/lazy_load_hooks.rb:38:in `execute_hook'
  activesupport (4.1.8) lib/active_support/lazy_load_hooks.rb:45:in `block in run_load_hooks'
  activesupport (4.1.8) lib/active_support/lazy_load_hooks.rb:44:in `each'
  activesupport (4.1.8) lib/active_support/lazy_load_hooks.rb:44:in `run_load_hooks'
  activerecord (4.1.8) lib/active_record/base.rb:326:in `<module:ActiveRecord>'
  activerecord (4.1.8) lib/active_record/base.rb:23:in `<top (required)>'
  activerecord (4.1.8) lib/active_record/migration.rb:388:in `check_pending!'
  activerecord (4.1.8) lib/active_record/migration.rb:377:in `call'
  actionpack (4.1.8) lib/action_dispatch/middleware/callbacks.rb:29:in `block in call'
  activesupport (4.1.8) lib/active_support/callbacks.rb:82:in `run_callbacks'
  actionpack (4.1.8) lib/action_dispatch/middleware/callbacks.rb:27:in `call'
  actionpack (4.1.8) lib/action_dispatch/middleware/reloader.rb:73:in `call'
  actionpack (4.1.8) lib/action_dispatch/middleware/remote_ip.rb:76:in `call'
  actionpack (4.1.8) lib/action_dispatch/middleware/debug_exceptions.rb:17:in `call'
  actionpack (4.1.8) lib/action_dispatch/middleware/show_exceptions.rb:30:in `call'
  railties (4.1.8) lib/rails/rack/logger.rb:38:in `call_app'
  railties (4.1.8) lib/rails/rack/logger.rb:20:in `block in call'
  activesupport (4.1.8) lib/active_support/tagged_logging.rb:68:in `block in tagged'
  activesupport (4.1.8) lib/active_support/tagged_logging.rb:26:in `tagged'
  activesupport (4.1.8) lib/active_support/tagged_logging.rb:68:in `tagged'
  railties (4.1.8) lib/rails/rack/logger.rb:20:in `call'
  actionpack (4.1.8) lib/action_dispatch/middleware/request_id.rb:21:in `call'
  rack (1.5.2) lib/rack/methodoverride.rb:21:in `call'
  rack (1.5.2) lib/rack/runtime.rb:17:in `call'
  activesupport (4.1.8) lib/active_support/cache/strategy/local_cache_middleware.rb:26:in `call'
  rack (1.5.2) lib/rack/lock.rb:17:in `call'
  actionpack (4.1.8) lib/action_dispatch/middleware/static.rb:84:in `call'
  rack (1.5.2) lib/rack/sendfile.rb:112:in `call'
  railties (4.1.8) lib/rails/engine.rb:514:in `call'
  railties (4.1.8) lib/rails/application.rb:144:in `call'
  rack (1.5.2) lib/rack/lock.rb:17:in `call'
  rack (1.5.2) lib/rack/content_length.rb:14:in `call'
  rack (1.5.2) lib/rack/handler/webrick.rb:60:in `service'
  C:/RailsInstaller/Ruby2.1.0/lib/ruby/2.1.0/webrick/httpserver.rb:138:in `service'
  C:/RailsInstaller/Ruby2.1.0/lib/ruby/2.1.0/webrick/httpserver.rb:94:in `run'
  C:/RailsInstaller/Ruby2.1.0/lib/ruby/2.1.0/webrick/server.rb:295:in `block in start_thread'


  Rendered C:/RailsInstaller/Ruby2.1.0/lib/ruby/gems/2.1.0/gems/actionpack-4.1.8/lib/action_dispatch/middleware/templates/rescues/_source.erb (0.0ms)
  Rendered C:/RailsInstaller/Ruby2.1.0/lib/ruby/gems/2.1.0/gems/actionpack-4.1.8/lib/action_dispatch/middleware/templates/rescues/_trace.html.erb (0.0ms)
  Rendered C:/RailsInstaller/Ruby2.1.0/lib/ruby/gems/2.1.0/gems/actionpack-4.1.8/lib/action_dispatch/middleware/templates/rescues/_request_and_response.html.erb (0.0ms)
  Rendered C:/RailsInstaller/Ruby2.1.0/lib/ruby/gems/2.1.0/gems/actionpack-4.1.8/lib/action_dispatch/middleware/templates/rescues/diagnostics.erb within rescues/layout (46.9ms)


Started GET "/" for 127.0.0.1 at 2015-02-11 10:39:24 +0100

Gem::LoadError (Specified 'postgresql' for database adapter, but the gem is not loaded. Add `gem 'pg'` to your Gemfile (and ensure its version is at the minimum required by ActiveRecord).):
  activerecord (4.1.8) lib/active_record/connection_adapters/connection_specification.rb:190:in `rescue in spec'
  activerecord (4.1.8) lib/active_record/connection_adapters/connection_specification.rb:187:in `spec'
  activerecord (4.1.8) lib/active_record/connection_handling.rb:50:in `establish_connection'
  activerecord (4.1.8) lib/active_record/railtie.rb:129:in `block (2 levels) in <class:Railtie>'
  activesupport (4.1.8) lib/active_support/lazy_load_hooks.rb:38:in `instance_eval'
  activesupport (4.1.8) lib/active_support/lazy_load_hooks.rb:38:in `execute_hook'
  activesupport (4.1.8) lib/active_support/lazy_load_hooks.rb:45:in `block in run_load_hooks'
  activesupport (4.1.8) lib/active_support/lazy_load_hooks.rb:44:in `each'
  activesupport (4.1.8) lib/active_support/lazy_load_hooks.rb:44:in `run_load_hooks'
  activerecord (4.1.8) lib/active_record/base.rb:326:in `<module:ActiveRecord>'
  activerecord (4.1.8) lib/active_record/base.rb:23:in `<top (required)>'
  activerecord (4.1.8) lib/active_record/migration.rb:388:in `check_pending!'
  activerecord (4.1.8) lib/active_record/migration.rb:377:in `call'
  actionpack (4.1.8) lib/action_dispatch/middleware/callbacks.rb:29:in `block in call'
  activesupport (4.1.8) lib/active_support/callbacks.rb:82:in `run_callbacks'
  actionpack (4.1.8) lib/action_dispatch/middleware/callbacks.rb:27:in `call'
  actionpack (4.1.8) lib/action_dispatch/middleware/reloader.rb:73:in `call'
  actionpack (4.1.8) lib/action_dispatch/middleware/remote_ip.rb:76:in `call'
  actionpack (4.1.8) lib/action_dispatch/middleware/debug_exceptions.rb:17:in `call'
  actionpack (4.1.8) lib/action_dispatch/middleware/show_exceptions.rb:30:in `call'
  railties (4.1.8) lib/rails/rack/logger.rb:38:in `call_app'
  railties (4.1.8) lib/rails/rack/logger.rb:20:in `block in call'
  activesupport (4.1.8) lib/active_support/tagged_logging.rb:68:in `block in tagged'
  activesupport (4.1.8) lib/active_support/tagged_logging.rb:26:in `tagged'
  activesupport (4.1.8) lib/active_support/tagged_logging.rb:68:in `tagged'
  railties (4.1.8) lib/rails/rack/logger.rb:20:in `call'
  actionpack (4.1.8) lib/action_dispatch/middleware/request_id.rb:21:in `call'
  rack (1.5.2) lib/rack/methodoverride.rb:21:in `call'
  rack (1.5.2) lib/rack/runtime.rb:17:in `call'
  activesupport (4.1.8) lib/active_support/cache/strategy/local_cache_middleware.rb:26:in `call'
  rack (1.5.2) lib/rack/lock.rb:17:in `call'
  actionpack (4.1.8) lib/action_dispatch/middleware/static.rb:84:in `call'
  rack (1.5.2) lib/rack/sendfile.rb:112:in `call'
  railties (4.1.8) lib/rails/engine.rb:514:in `call'
  railties (4.1.8) lib/rails/application.rb:144:in `call'
  rack (1.5.2) lib/rack/lock.rb:17:in `call'
  rack (1.5.2) lib/rack/content_length.rb:14:in `call'
  rack (1.5.2) lib/rack/handler/webrick.rb:60:in `service'
  C:/RailsInstaller/Ruby2.1.0/lib/ruby/2.1.0/webrick/httpserver.rb:138:in `service'
  C:/RailsInstaller/Ruby2.1.0/lib/ruby/2.1.0/webrick/httpserver.rb:94:in `run'
  C:/RailsInstaller/Ruby2.1.0/lib/ruby/2.1.0/webrick/server.rb:295:in `block in start_thread'


  Rendered C:/RailsInstaller/Ruby2.1.0/lib/ruby/gems/2.1.0/gems/actionpack-4.1.8/lib/action_dispatch/middleware/templates/rescues/_source.erb (0.0ms)
  Rendered C:/RailsInstaller/Ruby2.1.0/lib/ruby/gems/2.1.0/gems/actionpack-4.1.8/lib/action_dispatch/middleware/templates/rescues/_trace.html.erb (0.0ms)
  Rendered C:/RailsInstaller/Ruby2.1.0/lib/ruby/gems/2.1.0/gems/actionpack-4.1.8/lib/action_dispatch/middleware/templates/rescues/_request_and_response.html.erb (0.0ms)
  Rendered C:/RailsInstaller/Ruby2.1.0/lib/ruby/gems/2.1.0/gems/actionpack-4.1.8/lib/action_dispatch/middleware/templates/rescues/diagnostics.erb within rescues/layout (46.9ms)


Started GET "/" for 127.0.0.1 at 2015-02-11 10:39:26 +0100

Gem::LoadError (Specified 'postgresql' for database adapter, but the gem is not loaded. Add `gem 'pg'` to your Gemfile (and ensure its version is at the minimum required by ActiveRecord).):
  activerecord (4.1.8) lib/active_record/connection_adapters/connection_specification.rb:190:in `rescue in spec'
  activerecord (4.1.8) lib/active_record/connection_adapters/connection_specification.rb:187:in `spec'
  activerecord (4.1.8) lib/active_record/connection_handling.rb:50:in `establish_connection'
  activerecord (4.1.8) lib/active_record/railtie.rb:129:in `block (2 levels) in <class:Railtie>'
  activesupport (4.1.8) lib/active_support/lazy_load_hooks.rb:38:in `instance_eval'
  activesupport (4.1.8) lib/active_support/lazy_load_hooks.rb:38:in `execute_hook'
  activesupport (4.1.8) lib/active_support/lazy_load_hooks.rb:45:in `block in run_load_hooks'
  activesupport (4.1.8) lib/active_support/lazy_load_hooks.rb:44:in `each'
  activesupport (4.1.8) lib/active_support/lazy_load_hooks.rb:44:in `run_load_hooks'
  activerecord (4.1.8) lib/active_record/base.rb:326:in `<module:ActiveRecord>'
  activerecord (4.1.8) lib/active_record/base.rb:23:in `<top (required)>'
  activerecord (4.1.8) lib/active_record/migration.rb:388:in `check_pending!'
  activerecord (4.1.8) lib/active_record/migration.rb:377:in `call'
  actionpack (4.1.8) lib/action_dispatch/middleware/callbacks.rb:29:in `block in call'
  activesupport (4.1.8) lib/active_support/callbacks.rb:82:in `run_callbacks'
  actionpack (4.1.8) lib/action_dispatch/middleware/callbacks.rb:27:in `call'
  actionpack (4.1.8) lib/action_dispatch/middleware/reloader.rb:73:in `call'
  actionpack (4.1.8) lib/action_dispatch/middleware/remote_ip.rb:76:in `call'
  actionpack (4.1.8) lib/action_dispatch/middleware/debug_exceptions.rb:17:in `call'
  actionpack (4.1.8) lib/action_dispatch/middleware/show_exceptions.rb:30:in `call'
  railties (4.1.8) lib/rails/rack/logger.rb:38:in `call_app'
  railties (4.1.8) lib/rails/rack/logger.rb:20:in `block in call'
  activesupport (4.1.8) lib/active_support/tagged_logging.rb:68:in `block in tagged'
  activesupport (4.1.8) lib/active_support/tagged_logging.rb:26:in `tagged'
  activesupport (4.1.8) lib/active_support/tagged_logging.rb:68:in `tagged'
  railties (4.1.8) lib/rails/rack/logger.rb:20:in `call'
  actionpack (4.1.8) lib/action_dispatch/middleware/request_id.rb:21:in `call'
  rack (1.5.2) lib/rack/methodoverride.rb:21:in `call'
  rack (1.5.2) lib/rack/runtime.rb:17:in `call'
  activesupport (4.1.8) lib/active_support/cache/strategy/local_cache_middleware.rb:26:in `call'
  rack (1.5.2) lib/rack/lock.rb:17:in `call'
  actionpack (4.1.8) lib/action_dispatch/middleware/static.rb:84:in `call'
  rack (1.5.2) lib/rack/sendfile.rb:112:in `call'
  railties (4.1.8) lib/rails/engine.rb:514:in `call'
  railties (4.1.8) lib/rails/application.rb:144:in `call'
  rack (1.5.2) lib/rack/lock.rb:17:in `call'
  rack (1.5.2) lib/rack/content_length.rb:14:in `call'
  rack (1.5.2) lib/rack/handler/webrick.rb:60:in `service'
  C:/RailsInstaller/Ruby2.1.0/lib/ruby/2.1.0/webrick/httpserver.rb:138:in `service'
  C:/RailsInstaller/Ruby2.1.0/lib/ruby/2.1.0/webrick/httpserver.rb:94:in `run'
  C:/RailsInstaller/Ruby2.1.0/lib/ruby/2.1.0/webrick/server.rb:295:in `block in start_thread'


  Rendered C:/RailsInstaller/Ruby2.1.0/lib/ruby/gems/2.1.0/gems/actionpack-4.1.8/lib/action_dispatch/middleware/templates/rescues/_source.erb (0.0ms)
  Rendered C:/RailsInstaller/Ruby2.1.0/lib/ruby/gems/2.1.0/gems/actionpack-4.1.8/lib/action_dispatch/middleware/templates/rescues/_trace.html.erb (0.0ms)
  Rendered C:/RailsInstaller/Ruby2.1.0/lib/ruby/gems/2.1.0/gems/actionpack-4.1.8/lib/action_dispatch/middleware/templates/rescues/_request_and_response.html.erb (0.0ms)
  Rendered C:/RailsInstaller/Ruby2.1.0/lib/ruby/gems/2.1.0/gems/actionpack-4.1.8/lib/action_dispatch/middleware/templates/rescues/diagnostics.erb within rescues/layout (46.8ms)


Started GET "/" for 127.0.0.1 at 2015-02-11 10:40:24 +0100
  [1m[36mActiveRecord::SchemaMigration Load (0.0ms)[0m  [1mSELECT "schema_migrations".* FROM "schema_migrations"[0m
Processing by Rails::WelcomeController#index as HTML
  Rendered C:/RailsInstaller/Ruby2.1.0/lib/ruby/gems/2.1.0/gems/railties-4.1.8/lib/rails/templates/rails/welcome/index.html.erb (0.0ms)
Completed 200 OK in 47ms (Views: 15.7ms | ActiveRecord: 0.0ms)


Started GET "/" for 127.0.0.1 at 2015-02-11 10:44:40 +0100
Processing by Rails::WelcomeController#index as HTML
  Rendered C:/RailsInstaller/Ruby2.1.0/lib/ruby/gems/2.1.0/gems/railties-4.1.8/lib/rails/templates/rails/welcome/index.html.erb (0.0ms)
Completed 200 OK in 16ms (Views: 15.6ms | ActiveRecord: 0.0ms)
  [1m[36mActiveRecord::SchemaMigration Load (0.0ms)[0m  [1mSELECT "schema_migrations".* FROM "schema_migrations"[0m
Migrating to AddNameStatutToUser (20150211094947)
  [1m[35m (0.0ms)[0m  BEGIN
  [1m[36m (0.0ms)[0m  [1mALTER TABLE "users" ADD COLUMN "name" character varying(255)[0m
  [1m[35m (0.0ms)[0m  ALTER TABLE "users" ADD COLUMN "statut" character varying(255)
  [1m[36mSQL (0.0ms)[0m  [1mINSERT INTO "schema_migrations" ("version") VALUES ($1)[0m  [["version", "20150211094947"]]
  [1m[35m (46.9ms)[0m  COMMIT
  [1m[36mActiveRecord::SchemaMigration Load (0.0ms)[0m  [1mSELECT "schema_migrations".* FROM "schema_migrations"[0m


Started GET "/" for 127.0.0.1 at 2015-02-11 10:53:40 +0100
  [1m[35mActiveRecord::SchemaMigration Load (0.0ms)[0m  SELECT "schema_migrations".* FROM "schema_migrations"
Processing by Rails::WelcomeController#index as HTML
  Rendered C:/RailsInstaller/Ruby2.1.0/lib/ruby/gems/2.1.0/gems/railties-4.1.8/lib/rails/templates/rails/welcome/index.html.erb (0.0ms)
Completed 200 OK in 16ms (Views: 0.0ms | ActiveRecord: 0.0ms)


Started GET "/users" for 127.0.0.1 at 2015-02-11 10:53:45 +0100

ActionController::RoutingError (No route matches [GET] "/users"):
  actionpack (4.1.8) lib/action_dispatch/middleware/debug_exceptions.rb:21:in `call'
  actionpack (4.1.8) lib/action_dispatch/middleware/show_exceptions.rb:30:in `call'
  railties (4.1.8) lib/rails/rack/logger.rb:38:in `call_app'
  railties (4.1.8) lib/rails/rack/logger.rb:20:in `block in call'
  activesupport (4.1.8) lib/active_support/tagged_logging.rb:68:in `block in tagged'
  activesupport (4.1.8) lib/active_support/tagged_logging.rb:26:in `tagged'
  activesupport (4.1.8) lib/active_support/tagged_logging.rb:68:in `tagged'
  railties (4.1.8) lib/rails/rack/logger.rb:20:in `call'
  actionpack (4.1.8) lib/action_dispatch/middleware/request_id.rb:21:in `call'
  rack (1.5.2) lib/rack/methodoverride.rb:21:in `call'
  rack (1.5.2) lib/rack/runtime.rb:17:in `call'
  activesupport (4.1.8) lib/active_support/cache/strategy/local_cache_middleware.rb:26:in `call'
  rack (1.5.2) lib/rack/lock.rb:17:in `call'
  actionpack (4.1.8) lib/action_dispatch/middleware/static.rb:84:in `call'
  rack (1.5.2) lib/rack/sendfile.rb:112:in `call'
  railties (4.1.8) lib/rails/engine.rb:514:in `call'
  railties (4.1.8) lib/rails/application.rb:144:in `call'
  rack (1.5.2) lib/rack/lock.rb:17:in `call'
  rack (1.5.2) lib/rack/content_length.rb:14:in `call'
  rack (1.5.2) lib/rack/handler/webrick.rb:60:in `service'
  C:/RailsInstaller/Ruby2.1.0/lib/ruby/2.1.0/webrick/httpserver.rb:138:in `service'
  C:/RailsInstaller/Ruby2.1.0/lib/ruby/2.1.0/webrick/httpserver.rb:94:in `run'
  C:/RailsInstaller/Ruby2.1.0/lib/ruby/2.1.0/webrick/server.rb:295:in `block in start_thread'


  Rendered C:/RailsInstaller/Ruby2.1.0/lib/ruby/gems/2.1.0/gems/actionpack-4.1.8/lib/action_dispatch/middleware/templates/rescues/_trace.html.erb (0.0ms)
  Rendered C:/RailsInstaller/Ruby2.1.0/lib/ruby/gems/2.1.0/gems/actionpack-4.1.8/lib/action_dispatch/middleware/templates/routes/_route.html.erb (15.7ms)
  Rendered C:/RailsInstaller/Ruby2.1.0/lib/ruby/gems/2.1.0/gems/actionpack-4.1.8/lib/action_dispatch/middleware/templates/routes/_table.html.erb (140.6ms)
  Rendered C:/RailsInstaller/Ruby2.1.0/lib/ruby/gems/2.1.0/gems/actionpack-4.1.8/lib/action_dispatch/middleware/templates/rescues/routing_error.html.erb within rescues/layout (406.2ms)


Started GET "/users/session" for 127.0.0.1 at 2015-02-11 10:53:49 +0100

ActionController::RoutingError (No route matches [GET] "/users/session"):
  actionpack (4.1.8) lib/action_dispatch/middleware/debug_exceptions.rb:21:in `call'
  actionpack (4.1.8) lib/action_dispatch/middleware/show_exceptions.rb:30:in `call'
  railties (4.1.8) lib/rails/rack/logger.rb:38:in `call_app'
  railties (4.1.8) lib/rails/rack/logger.rb:20:in `block in call'
  activesupport (4.1.8) lib/active_support/tagged_logging.rb:68:in `block in tagged'
  activesupport (4.1.8) lib/active_support/tagged_logging.rb:26:in `tagged'
  activesupport (4.1.8) lib/active_support/tagged_logging.rb:68:in `tagged'
  railties (4.1.8) lib/rails/rack/logger.rb:20:in `call'
  actionpack (4.1.8) lib/action_dispatch/middleware/request_id.rb:21:in `call'
  rack (1.5.2) lib/rack/methodoverride.rb:21:in `call'
  rack (1.5.2) lib/rack/runtime.rb:17:in `call'
  activesupport (4.1.8) lib/active_support/cache/strategy/local_cache_middleware.rb:26:in `call'
  rack (1.5.2) lib/rack/lock.rb:17:in `call'
  actionpack (4.1.8) lib/action_dispatch/middleware/static.rb:84:in `call'
  rack (1.5.2) lib/rack/sendfile.rb:112:in `call'
  railties (4.1.8) lib/rails/engine.rb:514:in `call'
  railties (4.1.8) lib/rails/application.rb:144:in `call'
  rack (1.5.2) lib/rack/lock.rb:17:in `call'
  rack (1.5.2) lib/rack/content_length.rb:14:in `call'
  rack (1.5.2) lib/rack/handler/webrick.rb:60:in `service'
  C:/RailsInstaller/Ruby2.1.0/lib/ruby/2.1.0/webrick/httpserver.rb:138:in `service'
  C:/RailsInstaller/Ruby2.1.0/lib/ruby/2.1.0/webrick/httpserver.rb:94:in `run'
  C:/RailsInstaller/Ruby2.1.0/lib/ruby/2.1.0/webrick/server.rb:295:in `block in start_thread'


  Rendered C:/RailsInstaller/Ruby2.1.0/lib/ruby/gems/2.1.0/gems/actionpack-4.1.8/lib/action_dispatch/middleware/templates/rescues/_trace.html.erb (0.0ms)
  Rendered C:/RailsInstaller/Ruby2.1.0/lib/ruby/gems/2.1.0/gems/actionpack-4.1.8/lib/action_dispatch/middleware/templates/routes/_route.html.erb (0.0ms)
  Rendered C:/RailsInstaller/Ruby2.1.0/lib/ruby/gems/2.1.0/gems/actionpack-4.1.8/lib/action_dispatch/middleware/templates/routes/_table.html.erb (0.0ms)
  Rendered C:/RailsInstaller/Ruby2.1.0/lib/ruby/gems/2.1.0/gems/actionpack-4.1.8/lib/action_dispatch/middleware/templates/rescues/routing_error.html.erb within rescues/layout (46.9ms)


Started GET "/users/sessions" for 127.0.0.1 at 2015-02-11 10:53:58 +0100

ActionController::RoutingError (No route matches [GET] "/users/sessions"):
  actionpack (4.1.8) lib/action_dispatch/middleware/debug_exceptions.rb:21:in `call'
  actionpack (4.1.8) lib/action_dispatch/middleware/show_exceptions.rb:30:in `call'
  railties (4.1.8) lib/rails/rack/logger.rb:38:in `call_app'
  railties (4.1.8) lib/rails/rack/logger.rb:20:in `block in call'
  activesupport (4.1.8) lib/active_support/tagged_logging.rb:68:in `block in tagged'
  activesupport (4.1.8) lib/active_support/tagged_logging.rb:26:in `tagged'
  activesupport (4.1.8) lib/active_support/tagged_logging.rb:68:in `tagged'
  railties (4.1.8) lib/rails/rack/logger.rb:20:in `call'
  actionpack (4.1.8) lib/action_dispatch/middleware/request_id.rb:21:in `call'
  rack (1.5.2) lib/rack/methodoverride.rb:21:in `call'
  rack (1.5.2) lib/rack/runtime.rb:17:in `call'
  activesupport (4.1.8) lib/active_support/cache/strategy/local_cache_middleware.rb:26:in `call'
  rack (1.5.2) lib/rack/lock.rb:17:in `call'
  actionpack (4.1.8) lib/action_dispatch/middleware/static.rb:84:in `call'
  rack (1.5.2) lib/rack/sendfile.rb:112:in `call'
  railties (4.1.8) lib/rails/engine.rb:514:in `call'
  railties (4.1.8) lib/rails/application.rb:144:in `call'
  rack (1.5.2) lib/rack/lock.rb:17:in `call'
  rack (1.5.2) lib/rack/content_length.rb:14:in `call'
  rack (1.5.2) lib/rack/handler/webrick.rb:60:in `service'
  C:/RailsInstaller/Ruby2.1.0/lib/ruby/2.1.0/webrick/httpserver.rb:138:in `service'
  C:/RailsInstaller/Ruby2.1.0/lib/ruby/2.1.0/webrick/httpserver.rb:94:in `run'
  C:/RailsInstaller/Ruby2.1.0/lib/ruby/2.1.0/webrick/server.rb:295:in `block in start_thread'


  Rendered C:/RailsInstaller/Ruby2.1.0/lib/ruby/gems/2.1.0/gems/actionpack-4.1.8/lib/action_dispatch/middleware/templates/rescues/_trace.html.erb (0.0ms)
  Rendered C:/RailsInstaller/Ruby2.1.0/lib/ruby/gems/2.1.0/gems/actionpack-4.1.8/lib/action_dispatch/middleware/templates/routes/_route.html.erb (0.0ms)
  Rendered C:/RailsInstaller/Ruby2.1.0/lib/ruby/gems/2.1.0/gems/actionpack-4.1.8/lib/action_dispatch/middleware/templates/routes/_table.html.erb (0.0ms)
  Rendered C:/RailsInstaller/Ruby2.1.0/lib/ruby/gems/2.1.0/gems/actionpack-4.1.8/lib/action_dispatch/middleware/templates/rescues/routing_error.html.erb within rescues/layout (46.9ms)


Started GET "/users/sessions" for 127.0.0.1 at 2015-02-11 10:54:00 +0100

ActionController::RoutingError (No route matches [GET] "/users/sessions"):
  actionpack (4.1.8) lib/action_dispatch/middleware/debug_exceptions.rb:21:in `call'
  actionpack (4.1.8) lib/action_dispatch/middleware/show_exceptions.rb:30:in `call'
  railties (4.1.8) lib/rails/rack/logger.rb:38:in `call_app'
  railties (4.1.8) lib/rails/rack/logger.rb:20:in `block in call'
  activesupport (4.1.8) lib/active_support/tagged_logging.rb:68:in `block in tagged'
  activesupport (4.1.8) lib/active_support/tagged_logging.rb:26:in `tagged'
  activesupport (4.1.8) lib/active_support/tagged_logging.rb:68:in `tagged'
  railties (4.1.8) lib/rails/rack/logger.rb:20:in `call'
  actionpack (4.1.8) lib/action_dispatch/middleware/request_id.rb:21:in `call'
  rack (1.5.2) lib/rack/methodoverride.rb:21:in `call'
  rack (1.5.2) lib/rack/runtime.rb:17:in `call'
  activesupport (4.1.8) lib/active_support/cache/strategy/local_cache_middleware.rb:26:in `call'
  rack (1.5.2) lib/rack/lock.rb:17:in `call'
  actionpack (4.1.8) lib/action_dispatch/middleware/static.rb:84:in `call'
  rack (1.5.2) lib/rack/sendfile.rb:112:in `call'
  railties (4.1.8) lib/rails/engine.rb:514:in `call'
  railties (4.1.8) lib/rails/application.rb:144:in `call'
  rack (1.5.2) lib/rack/lock.rb:17:in `call'
  rack (1.5.2) lib/rack/content_length.rb:14:in `call'
  rack (1.5.2) lib/rack/handler/webrick.rb:60:in `service'
  C:/RailsInstaller/Ruby2.1.0/lib/ruby/2.1.0/webrick/httpserver.rb:138:in `service'
  C:/RailsInstaller/Ruby2.1.0/lib/ruby/2.1.0/webrick/httpserver.rb:94:in `run'
  C:/RailsInstaller/Ruby2.1.0/lib/ruby/2.1.0/webrick/server.rb:295:in `block in start_thread'


  Rendered C:/RailsInstaller/Ruby2.1.0/lib/ruby/gems/2.1.0/gems/actionpack-4.1.8/lib/action_dispatch/middleware/templates/rescues/_trace.html.erb (0.0ms)
  Rendered C:/RailsInstaller/Ruby2.1.0/lib/ruby/gems/2.1.0/gems/actionpack-4.1.8/lib/action_dispatch/middleware/templates/routes/_route.html.erb (0.0ms)
  Rendered C:/RailsInstaller/Ruby2.1.0/lib/ruby/gems/2.1.0/gems/actionpack-4.1.8/lib/action_dispatch/middleware/templates/routes/_table.html.erb (0.0ms)
  Rendered C:/RailsInstaller/Ruby2.1.0/lib/ruby/gems/2.1.0/gems/actionpack-4.1.8/lib/action_dispatch/middleware/templates/rescues/routing_error.html.erb within rescues/layout (46.9ms)


Started GET "/" for 127.0.0.1 at 2015-02-11 10:55:47 +0100
Processing by Rails::WelcomeController#index as HTML
  Rendered C:/RailsInstaller/Ruby2.1.0/lib/ruby/gems/2.1.0/gems/railties-4.1.8/lib/rails/templates/rails/welcome/index.html.erb (0.0ms)
Completed 200 OK in 4ms (Views: 2.0ms | ActiveRecord: 0.0ms)


Started GET "/users/sessions" for 127.0.0.1 at 2015-02-11 10:55:58 +0100

ActionController::RoutingError (No route matches [GET] "/users/sessions"):
  actionpack (4.1.8) lib/action_dispatch/middleware/debug_exceptions.rb:21:in `call'
  actionpack (4.1.8) lib/action_dispatch/middleware/show_exceptions.rb:30:in `call'
  railties (4.1.8) lib/rails/rack/logger.rb:38:in `call_app'
  railties (4.1.8) lib/rails/rack/logger.rb:20:in `block in call'
  activesupport (4.1.8) lib/active_support/tagged_logging.rb:68:in `block in tagged'
  activesupport (4.1.8) lib/active_support/tagged_logging.rb:26:in `tagged'
  activesupport (4.1.8) lib/active_support/tagged_logging.rb:68:in `tagged'
  railties (4.1.8) lib/rails/rack/logger.rb:20:in `call'
  actionpack (4.1.8) lib/action_dispatch/middleware/request_id.rb:21:in `call'
  rack (1.5.2) lib/rack/methodoverride.rb:21:in `call'
  rack (1.5.2) lib/rack/runtime.rb:17:in `call'
  activesupport (4.1.8) lib/active_support/cache/strategy/local_cache_middleware.rb:26:in `call'
  rack (1.5.2) lib/rack/lock.rb:17:in `call'
  actionpack (4.1.8) lib/action_dispatch/middleware/static.rb:84:in `call'
  rack (1.5.2) lib/rack/sendfile.rb:112:in `call'
  railties (4.1.8) lib/rails/engine.rb:514:in `call'
  railties (4.1.8) lib/rails/application.rb:144:in `call'
  rack (1.5.2) lib/rack/lock.rb:17:in `call'
  rack (1.5.2) lib/rack/content_length.rb:14:in `call'
  rack (1.5.2) lib/rack/handler/webrick.rb:60:in `service'
  C:/RailsInstaller/Ruby2.1.0/lib/ruby/2.1.0/webrick/httpserver.rb:138:in `service'
  C:/RailsInstaller/Ruby2.1.0/lib/ruby/2.1.0/webrick/httpserver.rb:94:in `run'
  C:/RailsInstaller/Ruby2.1.0/lib/ruby/2.1.0/webrick/server.rb:295:in `block in start_thread'


  Rendered C:/RailsInstaller/Ruby2.1.0/lib/ruby/gems/2.1.0/gems/actionpack-4.1.8/lib/action_dispatch/middleware/templates/rescues/_trace.html.erb (2.0ms)
  Rendered C:/RailsInstaller/Ruby2.1.0/lib/ruby/gems/2.1.0/gems/actionpack-4.1.8/lib/action_dispatch/middleware/templates/routes/_route.html.erb (2.0ms)
  Rendered C:/RailsInstaller/Ruby2.1.0/lib/ruby/gems/2.1.0/gems/actionpack-4.1.8/lib/action_dispatch/middleware/templates/routes/_table.html.erb (2.0ms)
  Rendered C:/RailsInstaller/Ruby2.1.0/lib/ruby/gems/2.1.0/gems/actionpack-4.1.8/lib/action_dispatch/middleware/templates/rescues/routing_error.html.erb within rescues/layout (56.0ms)


Started GET "/users/new" for 127.0.0.1 at 2015-02-11 10:56:03 +0100

ActionController::RoutingError (No route matches [GET] "/users/new"):
  actionpack (4.1.8) lib/action_dispatch/middleware/debug_exceptions.rb:21:in `call'
  actionpack (4.1.8) lib/action_dispatch/middleware/show_exceptions.rb:30:in `call'
  railties (4.1.8) lib/rails/rack/logger.rb:38:in `call_app'
  railties (4.1.8) lib/rails/rack/logger.rb:20:in `block in call'
  activesupport (4.1.8) lib/active_support/tagged_logging.rb:68:in `block in tagged'
  activesupport (4.1.8) lib/active_support/tagged_logging.rb:26:in `tagged'
  activesupport (4.1.8) lib/active_support/tagged_logging.rb:68:in `tagged'
  railties (4.1.8) lib/rails/rack/logger.rb:20:in `call'
  actionpack (4.1.8) lib/action_dispatch/middleware/request_id.rb:21:in `call'
  rack (1.5.2) lib/rack/methodoverride.rb:21:in `call'
  rack (1.5.2) lib/rack/runtime.rb:17:in `call'
  activesupport (4.1.8) lib/active_support/cache/strategy/local_cache_middleware.rb:26:in `call'
  rack (1.5.2) lib/rack/lock.rb:17:in `call'
  actionpack (4.1.8) lib/action_dispatch/middleware/static.rb:84:in `call'
  rack (1.5.2) lib/rack/sendfile.rb:112:in `call'
  railties (4.1.8) lib/rails/engine.rb:514:in `call'
  railties (4.1.8) lib/rails/application.rb:144:in `call'
  rack (1.5.2) lib/rack/lock.rb:17:in `call'
  rack (1.5.2) lib/rack/content_length.rb:14:in `call'
  rack (1.5.2) lib/rack/handler/webrick.rb:60:in `service'
  C:/RailsInstaller/Ruby2.1.0/lib/ruby/2.1.0/webrick/httpserver.rb:138:in `service'
  C:/RailsInstaller/Ruby2.1.0/lib/ruby/2.1.0/webrick/httpserver.rb:94:in `run'
  C:/RailsInstaller/Ruby2.1.0/lib/ruby/2.1.0/webrick/server.rb:295:in `block in start_thread'


  Rendered C:/RailsInstaller/Ruby2.1.0/lib/ruby/gems/2.1.0/gems/actionpack-4.1.8/lib/action_dispatch/middleware/templates/rescues/_trace.html.erb (0.0ms)
  Rendered C:/RailsInstaller/Ruby2.1.0/lib/ruby/gems/2.1.0/gems/actionpack-4.1.8/lib/action_dispatch/middleware/templates/routes/_route.html.erb (0.0ms)
  Rendered C:/RailsInstaller/Ruby2.1.0/lib/ruby/gems/2.1.0/gems/actionpack-4.1.8/lib/action_dispatch/middleware/templates/routes/_table.html.erb (0.0ms)
  Rendered C:/RailsInstaller/Ruby2.1.0/lib/ruby/gems/2.1.0/gems/actionpack-4.1.8/lib/action_dispatch/middleware/templates/rescues/routing_error.html.erb within rescues/layout (46.9ms)


Started GET "/users/new" for 127.0.0.1 at 2015-02-11 10:56:03 +0100

ActionController::RoutingError (No route matches [GET] "/users/new"):
  actionpack (4.1.8) lib/action_dispatch/middleware/debug_exceptions.rb:21:in `call'
  actionpack (4.1.8) lib/action_dispatch/middleware/show_exceptions.rb:30:in `call'
  railties (4.1.8) lib/rails/rack/logger.rb:38:in `call_app'
  railties (4.1.8) lib/rails/rack/logger.rb:20:in `block in call'
  activesupport (4.1.8) lib/active_support/tagged_logging.rb:68:in `block in tagged'
  activesupport (4.1.8) lib/active_support/tagged_logging.rb:26:in `tagged'
  activesupport (4.1.8) lib/active_support/tagged_logging.rb:68:in `tagged'
  railties (4.1.8) lib/rails/rack/logger.rb:20:in `call'
  actionpack (4.1.8) lib/action_dispatch/middleware/request_id.rb:21:in `call'
  rack (1.5.2) lib/rack/methodoverride.rb:21:in `call'
  rack (1.5.2) lib/rack/runtime.rb:17:in `call'
  activesupport (4.1.8) lib/active_support/cache/strategy/local_cache_middleware.rb:26:in `call'
  rack (1.5.2) lib/rack/lock.rb:17:in `call'
  actionpack (4.1.8) lib/action_dispatch/middleware/static.rb:84:in `call'
  rack (1.5.2) lib/rack/sendfile.rb:112:in `call'
  railties (4.1.8) lib/rails/engine.rb:514:in `call'
  railties (4.1.8) lib/rails/application.rb:144:in `call'
  rack (1.5.2) lib/rack/lock.rb:17:in `call'
  rack (1.5.2) lib/rack/content_length.rb:14:in `call'
  rack (1.5.2) lib/rack/handler/webrick.rb:60:in `service'
  C:/RailsInstaller/Ruby2.1.0/lib/ruby/2.1.0/webrick/httpserver.rb:138:in `service'
  C:/RailsInstaller/Ruby2.1.0/lib/ruby/2.1.0/webrick/httpserver.rb:94:in `run'
  C:/RailsInstaller/Ruby2.1.0/lib/ruby/2.1.0/webrick/server.rb:295:in `block in start_thread'


  Rendered C:/RailsInstaller/Ruby2.1.0/lib/ruby/gems/2.1.0/gems/actionpack-4.1.8/lib/action_dispatch/middleware/templates/rescues/_trace.html.erb (1.0ms)
  Rendered C:/RailsInstaller/Ruby2.1.0/lib/ruby/gems/2.1.0/gems/actionpack-4.1.8/lib/action_dispatch/middleware/templates/routes/_route.html.erb (3.0ms)
  Rendered C:/RailsInstaller/Ruby2.1.0/lib/ruby/gems/2.1.0/gems/actionpack-4.1.8/lib/action_dispatch/middleware/templates/routes/_table.html.erb (3.0ms)
  Rendered C:/RailsInstaller/Ruby2.1.0/lib/ruby/gems/2.1.0/gems/actionpack-4.1.8/lib/action_dispatch/middleware/templates/rescues/routing_error.html.erb within rescues/layout (58.0ms)


Started GET "/users/new" for 127.0.0.1 at 2015-02-11 10:58:50 +0100

ActionController::RoutingError (No route matches [GET] "/users/new"):
  actionpack (4.1.8) lib/action_dispatch/middleware/debug_exceptions.rb:21:in `call'
  actionpack (4.1.8) lib/action_dispatch/middleware/show_exceptions.rb:30:in `call'
  railties (4.1.8) lib/rails/rack/logger.rb:38:in `call_app'
  railties (4.1.8) lib/rails/rack/logger.rb:20:in `block in call'
  activesupport (4.1.8) lib/active_support/tagged_logging.rb:68:in `block in tagged'
  activesupport (4.1.8) lib/active_support/tagged_logging.rb:26:in `tagged'
  activesupport (4.1.8) lib/active_support/tagged_logging.rb:68:in `tagged'
  railties (4.1.8) lib/rails/rack/logger.rb:20:in `call'
  actionpack (4.1.8) lib/action_dispatch/middleware/request_id.rb:21:in `call'
  rack (1.5.2) lib/rack/methodoverride.rb:21:in `call'
  rack (1.5.2) lib/rack/runtime.rb:17:in `call'
  activesupport (4.1.8) lib/active_support/cache/strategy/local_cache_middleware.rb:26:in `call'
  rack (1.5.2) lib/rack/lock.rb:17:in `call'
  actionpack (4.1.8) lib/action_dispatch/middleware/static.rb:84:in `call'
  rack (1.5.2) lib/rack/sendfile.rb:112:in `call'
  railties (4.1.8) lib/rails/engine.rb:514:in `call'
  railties (4.1.8) lib/rails/application.rb:144:in `call'
  rack (1.5.2) lib/rack/lock.rb:17:in `call'
  rack (1.5.2) lib/rack/content_length.rb:14:in `call'
  rack (1.5.2) lib/rack/handler/webrick.rb:60:in `service'
  C:/RailsInstaller/Ruby2.1.0/lib/ruby/2.1.0/webrick/httpserver.rb:138:in `service'
  C:/RailsInstaller/Ruby2.1.0/lib/ruby/2.1.0/webrick/httpserver.rb:94:in `run'
  C:/RailsInstaller/Ruby2.1.0/lib/ruby/2.1.0/webrick/server.rb:295:in `block in start_thread'


  Rendered C:/RailsInstaller/Ruby2.1.0/lib/ruby/gems/2.1.0/gems/actionpack-4.1.8/lib/action_dispatch/middleware/templates/rescues/_trace.html.erb (1.0ms)
  Rendered C:/RailsInstaller/Ruby2.1.0/lib/ruby/gems/2.1.0/gems/actionpack-4.1.8/lib/action_dispatch/middleware/templates/routes/_route.html.erb (3.0ms)
  Rendered C:/RailsInstaller/Ruby2.1.0/lib/ruby/gems/2.1.0/gems/actionpack-4.1.8/lib/action_dispatch/middleware/templates/routes/_table.html.erb (2.0ms)
  Rendered C:/RailsInstaller/Ruby2.1.0/lib/ruby/gems/2.1.0/gems/actionpack-4.1.8/lib/action_dispatch/middleware/templates/rescues/routing_error.html.erb within rescues/layout (58.0ms)


Started GET "/users/sessions" for 127.0.0.1 at 2015-02-11 10:58:56 +0100

ActionController::RoutingError (No route matches [GET] "/users/sessions"):
  actionpack (4.1.8) lib/action_dispatch/middleware/debug_exceptions.rb:21:in `call'
  actionpack (4.1.8) lib/action_dispatch/middleware/show_exceptions.rb:30:in `call'
  railties (4.1.8) lib/rails/rack/logger.rb:38:in `call_app'
  railties (4.1.8) lib/rails/rack/logger.rb:20:in `block in call'
  activesupport (4.1.8) lib/active_support/tagged_logging.rb:68:in `block in tagged'
  activesupport (4.1.8) lib/active_support/tagged_logging.rb:26:in `tagged'
  activesupport (4.1.8) lib/active_support/tagged_logging.rb:68:in `tagged'
  railties (4.1.8) lib/rails/rack/logger.rb:20:in `call'
  actionpack (4.1.8) lib/action_dispatch/middleware/request_id.rb:21:in `call'
  rack (1.5.2) lib/rack/methodoverride.rb:21:in `call'
  rack (1.5.2) lib/rack/runtime.rb:17:in `call'
  activesupport (4.1.8) lib/active_support/cache/strategy/local_cache_middleware.rb:26:in `call'
  rack (1.5.2) lib/rack/lock.rb:17:in `call'
  actionpack (4.1.8) lib/action_dispatch/middleware/static.rb:84:in `call'
  rack (1.5.2) lib/rack/sendfile.rb:112:in `call'
  railties (4.1.8) lib/rails/engine.rb:514:in `call'
  railties (4.1.8) lib/rails/application.rb:144:in `call'
  rack (1.5.2) lib/rack/lock.rb:17:in `call'
  rack (1.5.2) lib/rack/content_length.rb:14:in `call'
  rack (1.5.2) lib/rack/handler/webrick.rb:60:in `service'
  C:/RailsInstaller/Ruby2.1.0/lib/ruby/2.1.0/webrick/httpserver.rb:138:in `service'
  C:/RailsInstaller/Ruby2.1.0/lib/ruby/2.1.0/webrick/httpserver.rb:94:in `run'
  C:/RailsInstaller/Ruby2.1.0/lib/ruby/2.1.0/webrick/server.rb:295:in `block in start_thread'


  Rendered C:/RailsInstaller/Ruby2.1.0/lib/ruby/gems/2.1.0/gems/actionpack-4.1.8/lib/action_dispatch/middleware/templates/rescues/_trace.html.erb (1.0ms)
  Rendered C:/RailsInstaller/Ruby2.1.0/lib/ruby/gems/2.1.0/gems/actionpack-4.1.8/lib/action_dispatch/middleware/templates/routes/_route.html.erb (3.0ms)
  Rendered C:/RailsInstaller/Ruby2.1.0/lib/ruby/gems/2.1.0/gems/actionpack-4.1.8/lib/action_dispatch/middleware/templates/routes/_table.html.erb (6.0ms)
  Rendered C:/RailsInstaller/Ruby2.1.0/lib/ruby/gems/2.1.0/gems/actionpack-4.1.8/lib/action_dispatch/middleware/templates/rescues/routing_error.html.erb within rescues/layout (73.0ms)


Started GET "/users/" for 127.0.0.1 at 2015-02-11 10:59:02 +0100

ActionController::RoutingError (No route matches [GET] "/users"):
  actionpack (4.1.8) lib/action_dispatch/middleware/debug_exceptions.rb:21:in `call'
  actionpack (4.1.8) lib/action_dispatch/middleware/show_exceptions.rb:30:in `call'
  railties (4.1.8) lib/rails/rack/logger.rb:38:in `call_app'
  railties (4.1.8) lib/rails/rack/logger.rb:20:in `block in call'
  activesupport (4.1.8) lib/active_support/tagged_logging.rb:68:in `block in tagged'
  activesupport (4.1.8) lib/active_support/tagged_logging.rb:26:in `tagged'
  activesupport (4.1.8) lib/active_support/tagged_logging.rb:68:in `tagged'
  railties (4.1.8) lib/rails/rack/logger.rb:20:in `call'
  actionpack (4.1.8) lib/action_dispatch/middleware/request_id.rb:21:in `call'
  rack (1.5.2) lib/rack/methodoverride.rb:21:in `call'
  rack (1.5.2) lib/rack/runtime.rb:17:in `call'
  activesupport (4.1.8) lib/active_support/cache/strategy/local_cache_middleware.rb:26:in `call'
  rack (1.5.2) lib/rack/lock.rb:17:in `call'
  actionpack (4.1.8) lib/action_dispatch/middleware/static.rb:84:in `call'
  rack (1.5.2) lib/rack/sendfile.rb:112:in `call'
  railties (4.1.8) lib/rails/engine.rb:514:in `call'
  railties (4.1.8) lib/rails/application.rb:144:in `call'
  rack (1.5.2) lib/rack/lock.rb:17:in `call'
  rack (1.5.2) lib/rack/content_length.rb:14:in `call'
  rack (1.5.2) lib/rack/handler/webrick.rb:60:in `service'
  C:/RailsInstaller/Ruby2.1.0/lib/ruby/2.1.0/webrick/httpserver.rb:138:in `service'
  C:/RailsInstaller/Ruby2.1.0/lib/ruby/2.1.0/webrick/httpserver.rb:94:in `run'
  C:/RailsInstaller/Ruby2.1.0/lib/ruby/2.1.0/webrick/server.rb:295:in `block in start_thread'


  Rendered C:/RailsInstaller/Ruby2.1.0/lib/ruby/gems/2.1.0/gems/actionpack-4.1.8/lib/action_dispatch/middleware/templates/rescues/_trace.html.erb (2.0ms)
  Rendered C:/RailsInstaller/Ruby2.1.0/lib/ruby/gems/2.1.0/gems/actionpack-4.1.8/lib/action_dispatch/middleware/templates/routes/_route.html.erb (2.0ms)
  Rendered C:/RailsInstaller/Ruby2.1.0/lib/ruby/gems/2.1.0/gems/actionpack-4.1.8/lib/action_dispatch/middleware/templates/routes/_table.html.erb (1.0ms)
  Rendered C:/RailsInstaller/Ruby2.1.0/lib/ruby/gems/2.1.0/gems/actionpack-4.1.8/lib/action_dispatch/middleware/templates/rescues/routing_error.html.erb within rescues/layout (54.0ms)


Started GET "/users/new" for 127.0.0.1 at 2015-02-11 10:59:05 +0100

ActionController::RoutingError (No route matches [GET] "/users/new"):
  actionpack (4.1.8) lib/action_dispatch/middleware/debug_exceptions.rb:21:in `call'
  actionpack (4.1.8) lib/action_dispatch/middleware/show_exceptions.rb:30:in `call'
  railties (4.1.8) lib/rails/rack/logger.rb:38:in `call_app'
  railties (4.1.8) lib/rails/rack/logger.rb:20:in `block in call'
  activesupport (4.1.8) lib/active_support/tagged_logging.rb:68:in `block in tagged'
  activesupport (4.1.8) lib/active_support/tagged_logging.rb:26:in `tagged'
  activesupport (4.1.8) lib/active_support/tagged_logging.rb:68:in `tagged'
  railties (4.1.8) lib/rails/rack/logger.rb:20:in `call'
  actionpack (4.1.8) lib/action_dispatch/middleware/request_id.rb:21:in `call'
  rack (1.5.2) lib/rack/methodoverride.rb:21:in `call'
  rack (1.5.2) lib/rack/runtime.rb:17:in `call'
  activesupport (4.1.8) lib/active_support/cache/strategy/local_cache_middleware.rb:26:in `call'
  rack (1.5.2) lib/rack/lock.rb:17:in `call'
  actionpack (4.1.8) lib/action_dispatch/middleware/static.rb:84:in `call'
  rack (1.5.2) lib/rack/sendfile.rb:112:in `call'
  railties (4.1.8) lib/rails/engine.rb:514:in `call'
  railties (4.1.8) lib/rails/application.rb:144:in `call'
  rack (1.5.2) lib/rack/lock.rb:17:in `call'
  rack (1.5.2) lib/rack/content_length.rb:14:in `call'
  rack (1.5.2) lib/rack/handler/webrick.rb:60:in `service'
  C:/RailsInstaller/Ruby2.1.0/lib/ruby/2.1.0/webrick/httpserver.rb:138:in `service'
  C:/RailsInstaller/Ruby2.1.0/lib/ruby/2.1.0/webrick/httpserver.rb:94:in `run'
  C:/RailsInstaller/Ruby2.1.0/lib/ruby/2.1.0/webrick/server.rb:295:in `block in start_thread'


  Rendered C:/RailsInstaller/Ruby2.1.0/lib/ruby/gems/2.1.0/gems/actionpack-4.1.8/lib/action_dispatch/middleware/templates/rescues/_trace.html.erb (0.0ms)
  Rendered C:/RailsInstaller/Ruby2.1.0/lib/ruby/gems/2.1.0/gems/actionpack-4.1.8/lib/action_dispatch/middleware/templates/routes/_route.html.erb (0.0ms)
  Rendered C:/RailsInstaller/Ruby2.1.0/lib/ruby/gems/2.1.0/gems/actionpack-4.1.8/lib/action_dispatch/middleware/templates/routes/_table.html.erb (0.0ms)
  Rendered C:/RailsInstaller/Ruby2.1.0/lib/ruby/gems/2.1.0/gems/actionpack-4.1.8/lib/action_dispatch/middleware/templates/rescues/routing_error.html.erb within rescues/layout (46.9ms)


Started GET "/users/" for 127.0.0.1 at 2015-02-11 10:59:10 +0100

ActionController::RoutingError (No route matches [GET] "/users"):
  actionpack (4.1.8) lib/action_dispatch/middleware/debug_exceptions.rb:21:in `call'
  actionpack (4.1.8) lib/action_dispatch/middleware/show_exceptions.rb:30:in `call'
  railties (4.1.8) lib/rails/rack/logger.rb:38:in `call_app'
  railties (4.1.8) lib/rails/rack/logger.rb:20:in `block in call'
  activesupport (4.1.8) lib/active_support/tagged_logging.rb:68:in `block in tagged'
  activesupport (4.1.8) lib/active_support/tagged_logging.rb:26:in `tagged'
  activesupport (4.1.8) lib/active_support/tagged_logging.rb:68:in `tagged'
  railties (4.1.8) lib/rails/rack/logger.rb:20:in `call'
  actionpack (4.1.8) lib/action_dispatch/middleware/request_id.rb:21:in `call'
  rack (1.5.2) lib/rack/methodoverride.rb:21:in `call'
  rack (1.5.2) lib/rack/runtime.rb:17:in `call'
  activesupport (4.1.8) lib/active_support/cache/strategy/local_cache_middleware.rb:26:in `call'
  rack (1.5.2) lib/rack/lock.rb:17:in `call'
  actionpack (4.1.8) lib/action_dispatch/middleware/static.rb:84:in `call'
  rack (1.5.2) lib/rack/sendfile.rb:112:in `call'
  railties (4.1.8) lib/rails/engine.rb:514:in `call'
  railties (4.1.8) lib/rails/application.rb:144:in `call'
  rack (1.5.2) lib/rack/lock.rb:17:in `call'
  rack (1.5.2) lib/rack/content_length.rb:14:in `call'
  rack (1.5.2) lib/rack/handler/webrick.rb:60:in `service'
  C:/RailsInstaller/Ruby2.1.0/lib/ruby/2.1.0/webrick/httpserver.rb:138:in `service'
  C:/RailsInstaller/Ruby2.1.0/lib/ruby/2.1.0/webrick/httpserver.rb:94:in `run'
  C:/RailsInstaller/Ruby2.1.0/lib/ruby/2.1.0/webrick/server.rb:295:in `block in start_thread'


  Rendered C:/RailsInstaller/Ruby2.1.0/lib/ruby/gems/2.1.0/gems/actionpack-4.1.8/lib/action_dispatch/middleware/templates/rescues/_trace.html.erb (2.0ms)
  Rendered C:/RailsInstaller/Ruby2.1.0/lib/ruby/gems/2.1.0/gems/actionpack-4.1.8/lib/action_dispatch/middleware/templates/routes/_route.html.erb (3.0ms)
  Rendered C:/RailsInstaller/Ruby2.1.0/lib/ruby/gems/2.1.0/gems/actionpack-4.1.8/lib/action_dispatch/middleware/templates/routes/_table.html.erb (2.0ms)
  Rendered C:/RailsInstaller/Ruby2.1.0/lib/ruby/gems/2.1.0/gems/actionpack-4.1.8/lib/action_dispatch/middleware/templates/rescues/routing_error.html.erb within rescues/layout (55.1ms)


Started GET "/sign_in" for 127.0.0.1 at 2015-02-11 11:00:38 +0100
Processing by Devise::SessionsController#new as HTML
  Rendered devise/shared/_links.html.erb (2.0ms)
  Rendered devise/sessions/new.html.erb within layouts/application (209.4ms)
Completed 500 Internal Server Error in 6912ms

ActionView::Template::Error (TypeError: Cet objet ne gère pas cette propriété ou cette méthode
  (in C:/RailsInstaller/Ruby2.1.0/lib/ruby/gems/2.1.0/gems/turbolinks-2.5.3/lib/assets/javascripts/turbolinks.js.coffee)):
    3: <head>
    4:   <title>RailsGame</title>
    5:   <%= stylesheet_link_tag    'application', media: 'all', 'data-turbolinks-track' => true %>
    6:   <%= javascript_include_tag 'application', 'data-turbolinks-track' => true %>
    7:   <%= csrf_meta_tags %>
    8: </head>
    9: <body>
  app/views/layouts/application.html.erb:6:in `_app_views_layouts_application_html_erb__848521037_52393776'


  Rendered C:/RailsInstaller/Ruby2.1.0/lib/ruby/gems/2.1.0/gems/actionpack-4.1.8/lib/action_dispatch/middleware/templates/rescues/_trace.html.erb (2.0ms)
  Rendered C:/RailsInstaller/Ruby2.1.0/lib/ruby/gems/2.1.0/gems/actionpack-4.1.8/lib/action_dispatch/middleware/templates/rescues/_request_and_response.html.erb (1.0ms)
  Rendered C:/RailsInstaller/Ruby2.1.0/lib/ruby/gems/2.1.0/gems/actionpack-4.1.8/lib/action_dispatch/middleware/templates/rescues/template_error.html.erb within rescues/layout (33.8ms)


Started GET "/sign_in" for 127.0.0.1 at 2015-02-11 11:02:34 +0100
Processing by Devise::SessionsController#new as HTML
  Rendered devise/shared/_links.html.erb (0.0ms)
  Rendered devise/sessions/new.html.erb within layouts/application (6.0ms)
Completed 500 Internal Server Error in 4360ms

ActionView::Template::Error (TypeError: Cet objet ne gère pas cette propriété ou cette méthode
  (in C:/RailsInstaller/Ruby2.1.0/lib/ruby/gems/2.1.0/gems/turbolinks-2.5.3/lib/assets/javascripts/turbolinks.js.coffee)):
    3: <head>
    4:   <title>RailsGame</title>
    5:   <%= stylesheet_link_tag "application", media: "all" %>
    6:   <%= javascript_include_tag "application" %>
    7:   <%= csrf_meta_tag %>
    8: </head>
    9: <body>
  app/views/layouts/application.html.erb:6:in `_app_views_layouts_application_html_erb__848521037_48237564'


  Rendered C:/RailsInstaller/Ruby2.1.0/lib/ruby/gems/2.1.0/gems/actionpack-4.1.8/lib/action_dispatch/middleware/templates/rescues/_trace.html.erb (3.0ms)
  Rendered C:/RailsInstaller/Ruby2.1.0/lib/ruby/gems/2.1.0/gems/actionpack-4.1.8/lib/action_dispatch/middleware/templates/rescues/_request_and_response.html.erb (2.0ms)
  Rendered C:/RailsInstaller/Ruby2.1.0/lib/ruby/gems/2.1.0/gems/actionpack-4.1.8/lib/action_dispatch/middleware/templates/rescues/template_error.html.erb within rescues/layout (35.0ms)
  [1m[36mActiveRecord::SchemaMigration Load (0.0ms)[0m  [1mSELECT "schema_migrations".* FROM "schema_migrations"[0m
Migrating to AddColumnsToUsers (20150211102054)
  [1m[35m (0.0ms)[0m  BEGIN
  [1m[36m (0.0ms)[0m  [1mALTER TABLE "users" ADD COLUMN "facebook" character varying(255)[0m
  [1m[35m (0.0ms)[0m  ALTER TABLE "users" ADD COLUMN "uid" character varying(255)
  [1m[36mSQL (0.0ms)[0m  [1mINSERT INTO "schema_migrations" ("version") VALUES ($1)[0m  [["version", "20150211102054"]]
  [1m[35m (31.3ms)[0m  COMMIT
  [1m[36mActiveRecord::SchemaMigration Load (0.0ms)[0m  [1mSELECT "schema_migrations".* FROM "schema_migrations"[0m


Started GET "/" for 127.0.0.1 at 2015-02-11 11:39:13 +0100

LoadError (cannot load such file -- omniauth):
  app/models/user.rb:4:in `<class:User>'
  app/models/user.rb:1:in `<top (required)>'
  config/routes.rb:2:in `block in <top (required)>'
  config/routes.rb:1:in `<top (required)>'


  Rendered C:/RailsInstaller/Ruby2.1.0/lib/ruby/gems/2.1.0/gems/actionpack-4.1.8/lib/action_dispatch/middleware/templates/rescues/_source.erb (1.0ms)
  Rendered C:/RailsInstaller/Ruby2.1.0/lib/ruby/gems/2.1.0/gems/actionpack-4.1.8/lib/action_dispatch/middleware/templates/rescues/_trace.html.erb (2.0ms)
  Rendered C:/RailsInstaller/Ruby2.1.0/lib/ruby/gems/2.1.0/gems/actionpack-4.1.8/lib/action_dispatch/middleware/templates/rescues/_request_and_response.html.erb (1.0ms)
  Rendered C:/RailsInstaller/Ruby2.1.0/lib/ruby/gems/2.1.0/gems/actionpack-4.1.8/lib/action_dispatch/middleware/templates/rescues/diagnostics.erb within rescues/layout (50.0ms)


Started GET "/" for 127.0.0.1 at 2015-02-11 11:41:52 +0100

LoadError (cannot load such file -- omniauth):
  app/models/user.rb:4:in `<class:User>'
  app/models/user.rb:1:in `<top (required)>'
  config/routes.rb:2:in `block in <top (required)>'
  config/routes.rb:1:in `<top (required)>'


  Rendered C:/RailsInstaller/Ruby2.1.0/lib/ruby/gems/2.1.0/gems/actionpack-4.1.8/lib/action_dispatch/middleware/templates/rescues/_source.erb (1.0ms)
  Rendered C:/RailsInstaller/Ruby2.1.0/lib/ruby/gems/2.1.0/gems/actionpack-4.1.8/lib/action_dispatch/middleware/templates/rescues/_trace.html.erb (2.0ms)
  Rendered C:/RailsInstaller/Ruby2.1.0/lib/ruby/gems/2.1.0/gems/actionpack-4.1.8/lib/action_dispatch/middleware/templates/rescues/_request_and_response.html.erb (2.0ms)
  Rendered C:/RailsInstaller/Ruby2.1.0/lib/ruby/gems/2.1.0/gems/actionpack-4.1.8/lib/action_dispatch/middleware/templates/rescues/diagnostics.erb within rescues/layout (47.0ms)


Started GET "/" for 127.0.0.1 at 2015-02-11 11:44:16 +0100
  [1m[36mActiveRecord::SchemaMigration Load (2.0ms)[0m  [1mSELECT "schema_migrations".* FROM "schema_migrations"[0m
Processing by Rails::WelcomeController#index as HTML
  Rendered C:/RailsInstaller/Ruby2.1.0/lib/ruby/gems/2.1.0/gems/railties-4.1.8/lib/rails/templates/rails/welcome/index.html.erb (5.0ms)
Completed 200 OK in 43ms (Views: 24.0ms | ActiveRecord: 0.0ms)


Started GET "/" for 127.0.0.1 at 2015-02-11 11:44:19 +0100
Processing by Rails::WelcomeController#index as HTML
  Rendered C:/RailsInstaller/Ruby2.1.0/lib/ruby/gems/2.1.0/gems/railties-4.1.8/lib/rails/templates/rails/welcome/index.html.erb (1.0ms)
Completed 200 OK in 3ms (Views: 2.0ms | ActiveRecord: 0.0ms)


Started GET "/sign_in" for 127.0.0.1 at 2015-02-11 11:44:44 +0100
Processing by Devise::SessionsController#new as HTML
  Rendered devise/shared/_links.html.erb (2.0ms)
  Rendered devise/sessions/new.html.erb within layouts/application (73.0ms)
Completed 500 Internal Server Error in 5708ms

ActionView::Template::Error (TypeError: Cet objet ne gère pas cette propriété ou cette méthode
  (in C:/RailsInstaller/Ruby2.1.0/lib/ruby/gems/2.1.0/gems/turbolinks-2.5.3/lib/assets/javascripts/turbolinks.js.coffee)):
    3: <head>
    4:   <title>RailsGame</title>
    5:   <%= stylesheet_link_tag "application", media: "all" %>
    6:   <%= javascript_include_tag "application" %>
    7:   <%= csrf_meta_tag %>
    8: </head>
    9: <body>
  app/views/layouts/application.html.erb:6:in `_app_views_layouts_application_html_erb__999951198_49054032'


  Rendered C:/RailsInstaller/Ruby2.1.0/lib/ruby/gems/2.1.0/gems/actionpack-4.1.8/lib/action_dispatch/middleware/templates/rescues/_trace.html.erb (2.0ms)
  Rendered C:/RailsInstaller/Ruby2.1.0/lib/ruby/gems/2.1.0/gems/actionpack-4.1.8/lib/action_dispatch/middleware/templates/rescues/_request_and_response.html.erb (2.0ms)
  Rendered C:/RailsInstaller/Ruby2.1.0/lib/ruby/gems/2.1.0/gems/actionpack-4.1.8/lib/action_dispatch/middleware/templates/rescues/template_error.html.erb within rescues/layout (39.0ms)


Started GET "/sign_in" for 127.0.0.1 at 2015-02-11 11:45:59 +0100
Processing by Devise::SessionsController#new as HTML
  Rendered devise/shared/_links.html.erb (1.0ms)
  Rendered devise/sessions/new.html.erb within layouts/application (6.0ms)
Completed 200 OK in 36ms (Views: 33.0ms | ActiveRecord: 0.0ms)


Started GET "/assets/users.css?body=1" for 127.0.0.1 at 2015-02-11 11:45:59 +0100


Started GET "/assets/application.css?body=1" for 127.0.0.1 at 2015-02-11 11:45:59 +0100


Started POST "/auth/login" for 127.0.0.1 at 2015-02-11 11:46:08 +0100
Processing by Devise::SessionsController#create as HTML
  Parameters: {"utf8"=>"✓", "authenticity_token"=>"ys4NxDYOPzlGrouSf2tCpMdU8A0mtnO+e+TZwNmmKdk=", "user"=>{"email"=>"geoffroy@listminut.com", "password"=>"[FILTERED]", "remember_me"=>"0"}, "commit"=>"Log in"}
  [1m[35mUser Load (2.0ms)[0m  SELECT  "users".* FROM "users"  WHERE "users"."email" = 'geoffroy@listminut.com'  ORDER BY "users"."id" ASC LIMIT 1
Completed 401 Unauthorized in 118ms
Processing by Devise::SessionsController#new as HTML
  Parameters: {"utf8"=>"✓", "authenticity_token"=>"ys4NxDYOPzlGrouSf2tCpMdU8A0mtnO+e+TZwNmmKdk=", "user"=>{"email"=>"geoffroy@listminut.com", "password"=>"[FILTERED]", "remember_me"=>"0"}, "commit"=>"Log in"}
  Rendered devise/shared/_links.html.erb (1.0ms)
  Rendered devise/sessions/new.html.erb within layouts/application (6.0ms)
Completed 200 OK in 111ms (Views: 31.0ms | ActiveRecord: 0.0ms)


Started GET "/assets/users.css?body=1" for 127.0.0.1 at 2015-02-11 11:46:08 +0100


Started POST "/auth/login" for 127.0.0.1 at 2015-02-11 11:46:09 +0100
Processing by Devise::SessionsController#create as HTML
  Parameters: {"utf8"=>"✓", "authenticity_token"=>"ys4NxDYOPzlGrouSf2tCpMdU8A0mtnO+e+TZwNmmKdk=", "user"=>{"email"=>"geoffroy@listminut.com", "password"=>"[FILTERED]", "remember_me"=>"0"}, "commit"=>"Log in"}
  [1m[36mUser Load (1.0ms)[0m  [1mSELECT  "users".* FROM "users"  WHERE "users"."email" = 'geoffroy@listminut.com'  ORDER BY "users"."id" ASC LIMIT 1[0m
Completed 401 Unauthorized in 4ms
Processing by Devise::SessionsController#new as HTML
  Parameters: {"utf8"=>"✓", "authenticity_token"=>"ys4NxDYOPzlGrouSf2tCpMdU8A0mtnO+e+TZwNmmKdk=", "user"=>{"email"=>"geoffroy@listminut.com", "password"=>"[FILTERED]", "remember_me"=>"0"}, "commit"=>"Log in"}
  Rendered devise/shared/_links.html.erb (2.0ms)
  Rendered devise/sessions/new.html.erb within layouts/application (7.0ms)
Completed 200 OK in 110ms (Views: 31.4ms | ActiveRecord: 0.0ms)


Started GET "/assets/users.css?body=1" for 127.0.0.1 at 2015-02-11 11:46:09 +0100


Started GET "/auth/auth/facebook" for 127.0.0.1 at 2015-02-11 11:46:11 +0100


Started GET "/assets/users.css?body=1" for 127.0.0.1 at 2015-02-11 11:46:31 +0100


Started GET "/auth/login" for 127.0.0.1 at 2015-02-11 11:50:25 +0100
Processing by Devise::SessionsController#new as HTML
  Rendered devise/shared/_links.html.erb (1.0ms)
  Rendered devise/sessions/new.html.erb within layouts/application (6.0ms)
Completed 200 OK in 34ms (Views: 32.0ms | ActiveRecord: 0.0ms)


Started GET "/assets/users.css?body=1" for 127.0.0.1 at 2015-02-11 11:50:25 +0100


Started GET "/auth/auth/facebook" for 127.0.0.1 at 2015-02-11 11:50:27 +0100


Started GET "/auth/auth/facebook/callback?code=AQB_QYaIhYYDvdHeTh2hKmg8qjld7efCxbzMHqOmoJcQICeNrRq2aUBOaI27qFerOfx69m_e7PbbAkhDYAeewFyK9M_XKFXG8wbsNzB2OVzAf4BW2GvoR5uJGcLwzlnuyLlPQr4IgmY5wAPulyvZ_YbVhgqglIiH9kGnkNRtE2r-z1_GnhuhPXIgIAIqP3Uw8ABnYG6cF8fvncUGOoqt_QFQ73D33v9zkJ-DRX-62kX1YpJPLaQkxmMIon-KfxqMsxYt_LsPcFC5iAPTjVUjbCHw8EDnBF4BOaQNgkyYYI_7KLnOm7zJZsiRlI7Ha3yINbo&state=167ac53f364514bfe80024e609f858ee145b4a7005f04eea" for 127.0.0.1 at 2015-02-11 11:50:38 +0100

Faraday::SSLError (SSL_connect returned=1 errno=0 state=SSLv3 read server certificate B: certificate verify failed):
  C:/RailsInstaller/Ruby2.1.0/lib/ruby/2.1.0/net/http.rb:920:in `connect'
  C:/RailsInstaller/Ruby2.1.0/lib/ruby/2.1.0/net/http.rb:920:in `block in connect'
  C:/RailsInstaller/Ruby2.1.0/lib/ruby/2.1.0/timeout.rb:76:in `timeout'
  C:/RailsInstaller/Ruby2.1.0/lib/ruby/2.1.0/net/http.rb:920:in `connect'
  C:/RailsInstaller/Ruby2.1.0/lib/ruby/2.1.0/net/http.rb:863:in `do_start'
  C:/RailsInstaller/Ruby2.1.0/lib/ruby/2.1.0/net/http.rb:852:in `start'
  C:/RailsInstaller/Ruby2.1.0/lib/ruby/2.1.0/net/http.rb:1369:in `request'
  faraday (0.9.1) lib/faraday/adapter/net_http.rb:82:in `perform_request'
  faraday (0.9.1) lib/faraday/adapter/net_http.rb:40:in `block in call'
  faraday (0.9.1) lib/faraday/adapter/net_http.rb:87:in `with_net_http_connection'
  faraday (0.9.1) lib/faraday/adapter/net_http.rb:32:in `call'
  faraday (0.9.1) lib/faraday/request/url_encoded.rb:15:in `call'
  faraday (0.9.1) lib/faraday/rack_builder.rb:139:in `build_response'
  faraday (0.9.1) lib/faraday/connection.rb:377:in `run_request'
  oauth2 (1.0.0) lib/oauth2/client.rb:93:in `request'
  oauth2 (1.0.0) lib/oauth2/client.rb:138:in `get_token'
  oauth2 (1.0.0) lib/oauth2/strategy/auth_code.rb:29:in `get_token'
  omniauth-oauth2 (1.2.0) lib/omniauth/strategies/oauth2.rb:93:in `build_access_token'
  omniauth-facebook (2.0.0) lib/omniauth/strategies/facebook.rb:114:in `build_access_token'
  omniauth-oauth2 (1.2.0) lib/omniauth/strategies/oauth2.rb:75:in `callback_phase'
  omniauth-facebook (2.0.0) lib/omniauth/strategies/facebook.rb:72:in `block in callback_phase'
  omniauth-facebook (2.0.0) lib/omniauth/strategies/facebook.rb:135:in `with_authorization_code!'
  omniauth-facebook (2.0.0) lib/omniauth/strategies/facebook.rb:71:in `callback_phase'
  omniauth (1.2.2) lib/omniauth/strategy.rb:227:in `callback_call'
  omniauth (1.2.2) lib/omniauth/strategy.rb:184:in `call!'
  omniauth (1.2.2) lib/omniauth/strategy.rb:164:in `call'
  warden (1.2.3) lib/warden/manager.rb:35:in `block in call'
  warden (1.2.3) lib/warden/manager.rb:34:in `catch'
  warden (1.2.3) lib/warden/manager.rb:34:in `call'
  rack (1.5.2) lib/rack/etag.rb:23:in `call'
  rack (1.5.2) lib/rack/conditionalget.rb:25:in `call'
  rack (1.5.2) lib/rack/head.rb:11:in `call'
  actionpack (4.1.8) lib/action_dispatch/middleware/params_parser.rb:27:in `call'
  actionpack (4.1.8) lib/action_dispatch/middleware/flash.rb:254:in `call'
  rack (1.5.2) lib/rack/session/abstract/id.rb:225:in `context'
  rack (1.5.2) lib/rack/session/abstract/id.rb:220:in `call'
  actionpack (4.1.8) lib/action_dispatch/middleware/cookies.rb:560:in `call'
  activerecord (4.1.8) lib/active_record/query_cache.rb:36:in `call'
  activerecord (4.1.8) lib/active_record/connection_adapters/abstract/connection_pool.rb:621:in `call'
  activerecord (4.1.8) lib/active_record/migration.rb:380:in `call'
  actionpack (4.1.8) lib/action_dispatch/middleware/callbacks.rb:29:in `block in call'
  activesupport (4.1.8) lib/active_support/callbacks.rb:82:in `run_callbacks'
  actionpack (4.1.8) lib/action_dispatch/middleware/callbacks.rb:27:in `call'
  actionpack (4.1.8) lib/action_dispatch/middleware/reloader.rb:73:in `call'
  actionpack (4.1.8) lib/action_dispatch/middleware/remote_ip.rb:76:in `call'
  actionpack (4.1.8) lib/action_dispatch/middleware/debug_exceptions.rb:17:in `call'
  actionpack (4.1.8) lib/action_dispatch/middleware/show_exceptions.rb:30:in `call'
  railties (4.1.8) lib/rails/rack/logger.rb:38:in `call_app'
  railties (4.1.8) lib/rails/rack/logger.rb:20:in `block in call'
  activesupport (4.1.8) lib/active_support/tagged_logging.rb:68:in `block in tagged'
  activesupport (4.1.8) lib/active_support/tagged_logging.rb:26:in `tagged'
  activesupport (4.1.8) lib/active_support/tagged_logging.rb:68:in `tagged'
  railties (4.1.8) lib/rails/rack/logger.rb:20:in `call'
  actionpack (4.1.8) lib/action_dispatch/middleware/request_id.rb:21:in `call'
  rack (1.5.2) lib/rack/methodoverride.rb:21:in `call'
  rack (1.5.2) lib/rack/runtime.rb:17:in `call'
  activesupport (4.1.8) lib/active_support/cache/strategy/local_cache_middleware.rb:26:in `call'
  rack (1.5.2) lib/rack/lock.rb:17:in `call'
  actionpack (4.1.8) lib/action_dispatch/middleware/static.rb:84:in `call'
  rack (1.5.2) lib/rack/sendfile.rb:112:in `call'
  railties (4.1.8) lib/rails/engine.rb:514:in `call'
  railties (4.1.8) lib/rails/application.rb:144:in `call'
  rack (1.5.2) lib/rack/lock.rb:17:in `call'
  rack (1.5.2) lib/rack/content_length.rb:14:in `call'
  rack (1.5.2) lib/rack/handler/webrick.rb:60:in `service'
  C:/RailsInstaller/Ruby2.1.0/lib/ruby/2.1.0/webrick/httpserver.rb:138:in `service'
  C:/RailsInstaller/Ruby2.1.0/lib/ruby/2.1.0/webrick/httpserver.rb:94:in `run'
  C:/RailsInstaller/Ruby2.1.0/lib/ruby/2.1.0/webrick/server.rb:295:in `block in start_thread'


  Rendered C:/RailsInstaller/Ruby2.1.0/lib/ruby/gems/2.1.0/gems/actionpack-4.1.8/lib/action_dispatch/middleware/templates/rescues/_source.erb (1.0ms)
  Rendered C:/RailsInstaller/Ruby2.1.0/lib/ruby/gems/2.1.0/gems/actionpack-4.1.8/lib/action_dispatch/middleware/templates/rescues/_trace.html.erb (3.0ms)
  Rendered C:/RailsInstaller/Ruby2.1.0/lib/ruby/gems/2.1.0/gems/actionpack-4.1.8/lib/action_dispatch/middleware/templates/rescues/_request_and_response.html.erb (2.0ms)
  Rendered C:/RailsInstaller/Ruby2.1.0/lib/ruby/gems/2.1.0/gems/actionpack-4.1.8/lib/action_dispatch/middleware/templates/rescues/diagnostics.erb within rescues/layout (53.0ms)
